2023-10-24T12:17:24+00:00 CRITICAL Uncaught ArgumentCountError: 3 arguments are required, 2 given in C:\xampp\htdocs\netiphongshop\wp-admin\includes\class-bulk-upgrader-skin.php:156
Stack trace:
#0 C:\xampp\htdocs\netiphongshop\wp-admin\includes\class-bulk-upgrader-skin.php(156): sprintf('%1$s installed ...', 'Customize WooCo...')
#1 C:\xampp\htdocs\netiphongshop\wp-content\themes\ecommerce-star\inc\class-tgm-plugin-activation.php(3555): Bulk_Upgrader_Skin->after('Customize WooCo...')
#2 C:\xampp\htdocs\netiphongshop\wp-admin\includes\class-wp-upgrader.php(920): TGMPA_Bulk_Installer_Skin->after()
#3 C:\xampp\htdocs\netiphongshop\wp-content\themes\ecommerce-star\inc\class-tgm-plugin-activation.php(3175): WP_Upgrader->run(Array)
#4 C:\xampp\htdocs\netiphongshop\wp-content\themes\ecommerce-star\inc\class-tgm-plugin-activation.php(3280): TGMPA_Bulk_Installer->run(Array)
#5 C:\xampp\htdocs\netiphongshop\wp-content\themes\ecommerce-star\inc\class-tgm-plugin-activation.php(2894): TGMPA_Bulk_Installer->bulk_install(Array)
#6 C:\xampp\htdocs\netiphongshop\wp-content\themes\ecommerce-star\inc\class-tgm-plugin-activation.php(658): TGMPA_List_Table->process_bulk_actions()
#7 C:\xampp\htdocs\netiphongshop\wp-includes\class-wp-hook.php(310): TGM_Plugin_Activation->install_plugins_page('')
#8 C:\xampp\htdocs\netiphongshop\wp-includes\class-wp-hook.php(334): WP_Hook->apply_filters('', Array)
#9 C:\xampp\htdocs\netiphongshop\wp-includes\plugin.php(517): WP_Hook->do_action(Array)
#10 C:\xampp\htdocs\netiphongshop\wp-admin\admin.php(259): do_action('appearance_page...')
#11 C:\xampp\htdocs\netiphongshop\wp-admin\themes.php(10): require_once('C:\\xampp\\htdocs...')
#12 {main}
  thrown ใน C:\xampp\htdocs\netiphongshop\wp-admin\includes\class-bulk-upgrader-skin.php บนบรรทัดที่ 156

2023-10-24T13:12:12+00:00 CRITICAL Uncaught ArgumentCountError: 3 arguments are required, 2 given in C:\xampp\htdocs\netiphongshop\wp-admin\includes\class-bulk-upgrader-skin.php:156
Stack trace:
#0 C:\xampp\htdocs\netiphongshop\wp-admin\includes\class-bulk-upgrader-skin.php(156): sprintf('%1$s installed ...', 'WPForms-Lite Co...')
#1 C:\xampp\htdocs\netiphongshop\wp-content\themes\store\framework\class-tgm-plugin-activation.php(3553): Bulk_Upgrader_Skin->after('WPForms-Lite Co...')
#2 C:\xampp\htdocs\netiphongshop\wp-admin\includes\class-wp-upgrader.php(920): TGMPA_Bulk_Installer_Skin->after()
#3 C:\xampp\htdocs\netiphongshop\wp-content\themes\store\framework\class-tgm-plugin-activation.php(3173): WP_Upgrader->run(Array)
#4 C:\xampp\htdocs\netiphongshop\wp-content\themes\store\framework\class-tgm-plugin-activation.php(3278): TGMPA_Bulk_Installer->run(Array)
#5 C:\xampp\htdocs\netiphongshop\wp-content\themes\store\framework\class-tgm-plugin-activation.php(2892): TGMPA_Bulk_Installer->bulk_install(Array)
#6 C:\xampp\htdocs\netiphongshop\wp-content\themes\store\framework\class-tgm-plugin-activation.php(658): TGMPA_List_Table->process_bulk_actions()
#7 C:\xampp\htdocs\netiphongshop\wp-includes\class-wp-hook.php(310): TGM_Plugin_Activation->install_plugins_page('')
#8 C:\xampp\htdocs\netiphongshop\wp-includes\class-wp-hook.php(334): WP_Hook->apply_filters('', Array)
#9 C:\xampp\htdocs\netiphongshop\wp-includes\plugin.php(517): WP_Hook->do_action(Array)
#10 C:\xampp\htdocs\netiphongshop\wp-admin\admin.php(259): do_action('appearance_page...')
#11 C:\xampp\htdocs\netiphongshop\wp-admin\themes.php(10): require_once('C:\\xampp\\htdocs...')
#12 {main}
  thrown ใน C:\xampp\htdocs\netiphongshop\wp-admin\includes\class-bulk-upgrader-skin.php บนบรรทัดที่ 156

